Starting linting the current package at /home/aziz/works/newBukuduit/bukuduit-go/usecase
Starting linting the current package at /home/aziz/works/newBukuduit/bukuduit-go/usecase
Starting linting the current package at /home/aziz/works/newBukuduit/bukuduit-go/usecase
Starting linting the current package at /home/aziz/works/newBukuduit/bukuduit-go/usecase
Starting linting the current package at /home/aziz/works/newBukuduit/bukuduit-go/usecase
Starting linting the current package at /home/aziz/works/newBukuduit/bukuduit-go/usecase
Starting linting the current package at /home/aziz/works/newBukuduit/bukuduit-go/usecase
Starting linting the current package at /home/aziz/works/newBukuduit/bukuduit-go/db/repositories/actions
Starting linting the current package at /home/aziz/works/newBukuduit/bukuduit-go/server/handlers
Starting linting the current package at /home/aziz/works/newBukuduit/bukuduit-go/server/handlers
Starting linting the current package at /home/aziz/works/newBukuduit/bukuduit-go/server/handlers
Starting linting the current package at /home/aziz/works/newBukuduit/bukuduit-go/server/handlers
Starting linting the current package at /home/aziz/works/newBukuduit/bukuduit-go/server/handlers
Starting linting the current package at /home/aziz/works/newBukuduit/bukuduit-go/server/handlers
Starting linting the current package at /home/aziz/works/newBukuduit/bukuduit-go/server/bootstrap/routes
Starting linting the current package at /home/aziz/works/newBukuduit/bukuduit-go/server/bootstrap/routes
Starting linting the current package at /home/aziz/works/newBukuduit/bukuduit-go/usecase
Starting linting the current package at /home/aziz/works/newBukuduit/bukuduit-go/usecase
Starting linting the current package at /home/aziz/works/newBukuduit/bukuduit-go/server/bootstrap/routes
Starting linting the current package at /home/aziz/works/newBukuduit/bukuduit-go/server/bootstrap/routes
Starting linting the current package at /home/aziz/works/newBukuduit/bukuduit-go/server/bootstrap/routes
Starting linting the current package at /home/aziz/works/newBukuduit/bukuduit-go/server/bootstrap/routes
Starting linting the current package at /home/aziz/works/newBukuduit/bukuduit-go/server/bootstrap/routes
Starting linting the current package at /home/aziz/works/newBukuduit/bukuduit-go/server/bootstrap/routes
Starting linting the current package at /home/aziz/works/newBukuduit/bukuduit-go/server/handlers
Starting linting the current package at /home/aziz/works/newBukuduit/bukuduit-go/server/handlers
Starting linting the current package at /home/aziz/works/newBukuduit/bukuduit-go/server/handlers
Starting linting the current package at /home/aziz/works/newBukuduit/bukuduit-go/server/handlers
Starting linting the current package at /home/aziz/works/newBukuduit/bukuduit-go/server/handlers
Starting linting the current package at /home/aziz/works/newBukuduit/bukuduit-go/server/handlers
Starting linting the current package at /home/aziz/works/newBukuduit/bukuduit-go/server/handlers
Starting linting the current package at /home/aziz/works/newBukuduit/bukuduit-go/server/handlers
Starting linting the current package at /home/aziz/works/newBukuduit/bukuduit-go/server/handlers
Starting linting the current package at /home/aziz/works/newBukuduit/bukuduit-go/server/bootstrap/routes
Starting linting the current package at /home/aziz/works/newBukuduit/bukuduit-go/server/bootstrap/routes
Starting linting the current package at /home/aziz/works/newBukuduit/bukuduit-go/server/bootstrap/routes
Starting linting the current package at /home/aziz/works/newBukuduit/bukuduit-go/db/repositories/actions
Starting linting the current package at /home/aziz/works/newBukuduit/bukuduit-go/db/repositories/contracts
Starting linting the current package at /home/aziz/works/newBukuduit/bukuduit-go/db/repositories/actions
Starting linting the current package at /home/aziz/works/newBukuduit/bukuduit-go/db/repositories/contracts
Starting linting the current package at /home/aziz/works/newBukuduit/bukuduit-go/server/handlers
Starting linting the current package at /home/aziz/works/newBukuduit/bukuduit-go/server/bootstrap/routes
Starting linting the current package at /home/aziz/works/newBukuduit/bukuduit-go/server/bootstrap/routes
Starting linting the current package at /home/aziz/works/newBukuduit/bukuduit-go/server/bootstrap/routes
Starting linting the current package at /home/aziz/works/newBukuduit/bukuduit-go/server/bootstrap/routes
Starting linting the current package at /home/aziz/works/newBukuduit/bukuduit-go/usecase
Starting linting the current package at /home/aziz/works/newBukuduit/bukuduit-go/usecase
Starting linting the current package at /home/aziz/works/newBukuduit/bukuduit-go/usecase
Starting linting the current package at /home/aziz/works/newBukuduit/bukuduit-go/server/handlers
Starting linting the current package at /home/aziz/works/newBukuduit/bukuduit-go/usecase
Starting linting the current package at /home/aziz/works/newBukuduit/bukuduit-go/usecase
Starting linting the current package at /home/aziz/works/newBukuduit/bukuduit-go/server/bootstrap/routes
