[2020-07-10 17:47:49.719] [exthost] [info] extension host started
[2020-07-10 17:47:49.735] [exthost] [info] ExtensionService#_doActivateExtension golang.go {"startup":false,"extensionId":{"value":"golang.go","_lower":"golang.go"},"activationEvent":"onLanguage:go"}
[2020-07-10 17:47:49.736] [exthost] [info] ExtensionService#loadCommonJSModule file:///root/.vscode/extensions/golang.go-0.15.1/out/src/goMain
[2020-07-10 17:47:49.940] [exthost] [info] ExtensionService#_doActivateExtension vscode.debug-auto-launch {"startup":true,"extensionId":{"value":"vscode.debug-auto-launch","_lower":"vscode.debug-auto-launch"},"activationEvent":"*"}
[2020-07-10 17:47:49.941] [exthost] [info] ExtensionService#loadCommonJSModule file:///snap/code/35/usr/share/code/resources/app/extensions/debug-auto-launch/dist/extension
[2020-07-10 17:47:49.943] [exthost] [info] ExtensionService#_doActivateExtension vscode.emmet {"startup":true,"extensionId":{"value":"vscode.emmet","_lower":"vscode.emmet"},"activationEvent":"*"}
[2020-07-10 17:47:49.943] [exthost] [info] ExtensionService#loadCommonJSModule file:///snap/code/35/usr/share/code/resources/app/extensions/emmet/dist/extension
[2020-07-10 17:47:49.949] [exthost] [info] ExtensionService#_doActivateExtension vscode.git {"startup":true,"extensionId":{"value":"vscode.github","_lower":"vscode.github"},"activationEvent":"*"}
[2020-07-10 17:47:49.949] [exthost] [info] ExtensionService#loadCommonJSModule file:///snap/code/35/usr/share/code/resources/app/extensions/git/dist/main
[2020-07-10 17:47:49.959] [exthost] [info] ExtensionService#_doActivateExtension vscode.github-authentication {"startup":true,"extensionId":{"value":"vscode.github-authentication","_lower":"vscode.github-authentication"},"activationEvent":"*"}
[2020-07-10 17:47:49.959] [exthost] [info] ExtensionService#loadCommonJSModule file:///snap/code/35/usr/share/code/resources/app/extensions/github-authentication/dist/extension.js
[2020-07-10 17:47:49.961] [exthost] [info] ExtensionService#_doActivateExtension vscode.merge-conflict {"startup":true,"extensionId":{"value":"vscode.merge-conflict","_lower":"vscode.merge-conflict"},"activationEvent":"*"}
[2020-07-10 17:47:49.961] [exthost] [info] ExtensionService#loadCommonJSModule file:///snap/code/35/usr/share/code/resources/app/extensions/merge-conflict/dist/extension
[2020-07-10 17:47:49.962] [exthost] [info] ExtensionService#_doActivateExtension vscode.microsoft-authentication {"startup":true,"extensionId":{"value":"vscode.microsoft-authentication","_lower":"vscode.microsoft-authentication"},"activationEvent":"*"}
[2020-07-10 17:47:49.962] [exthost] [info] ExtensionService#loadCommonJSModule file:///snap/code/35/usr/share/code/resources/app/extensions/microsoft-authentication/dist/extension.js
[2020-07-10 17:47:49.964] [exthost] [info] ExtensionService#_doActivateExtension vscode.search-result {"startup":true,"extensionId":{"value":"vscode.search-result","_lower":"vscode.search-result"},"activationEvent":"*"}
[2020-07-10 17:47:49.964] [exthost] [info] ExtensionService#loadCommonJSModule file:///snap/code/35/usr/share/code/resources/app/extensions/search-result/dist/extension.js
[2020-07-10 17:47:50.023] [exthost] [info] ExtensionService#_doActivateExtension vscode.github {"startup":true,"extensionId":{"value":"vscode.github","_lower":"vscode.github"},"activationEvent":"*"}
[2020-07-10 17:47:50.023] [exthost] [info] ExtensionService#loadCommonJSModule file:///snap/code/35/usr/share/code/resources/app/extensions/github/dist/extension.js
[2020-07-10 17:47:50.129] [exthost] [info] eager extensions activated
