Looking for git in: git
Using git 2.25.1 from git
> git rev-parse --show-toplevel
> git rev-parse --git-dir
Open repository: /home/aziz/works/newBukuduit/bukuduit-go
> git status -z -u
> git check-ignore -v -z --stdin
> git symbolic-ref --short HEAD
> git rev-parse dev
> git rev-parse --symbolic-full-name dev@{u}
> git rev-list --left-right dev...refs/remotes/origin/dev
> git for-each-ref --format %(refname) %(objectname) --sort -committerdate
> git remote --verbose
> git config --get commit.template
> git check-ignore -v -z --stdin
> git show :usecase/transaction_usecase.go
> git ls-files --stage -- /home/aziz/works/newBukuduit/bukuduit-go/usecase/transaction_usecase.go
> git cat-file -s aa596b189cf3f63529892fc9c31a09762a0d29c5
> git status -z -u
> git symbolic-ref --short HEAD
> git rev-parse dev
> git rev-parse --symbolic-full-name dev@{u}
> git rev-list --left-right dev...refs/remotes/origin/dev
> git for-each-ref --format %(refname) %(objectname) --sort -committerdate
> git remote --verbose
> git config --get commit.template
> git status -z -u
> git symbolic-ref --short HEAD
> git rev-parse dev
> git rev-parse --symbolic-full-name dev@{u}
> git rev-list --left-right dev...refs/remotes/origin/dev
> git for-each-ref --format %(refname) %(objectname) --sort -committerdate
> git remote --verbose
> git config --get commit.template
> git check-ignore -v -z --stdin
> git check-ignore -v -z --stdin
> git check-ignore -v -z --stdin
> git check-ignore -v -z --stdin
> git check-ignore -v -z --stdin
> git show :server/bootstrap/routes/transaction_route.go
> git ls-files --stage -- /home/aziz/works/newBukuduit/bukuduit-go/server/bootstrap/routes/transaction_route.go
> git cat-file -s 8a7892188b1341250e70fc273dd81a6c626db811
> git show :server/handlers/transaction_handler.go
> git ls-files --stage -- /home/aziz/works/newBukuduit/bukuduit-go/server/handlers/transaction_handler.go
> git cat-file -s 46aa167e3b36994168865c4a876e16565bea40cb
> git show :server/bootstrap/routes/transaction_route.go
> git ls-files --stage -- /home/aziz/works/newBukuduit/bukuduit-go/server/bootstrap/routes/transaction_route.go
> git cat-file -s 8a7892188b1341250e70fc273dd81a6c626db811
> git show :server/handlers/transaction_handler.go
> git ls-files --stage -- /home/aziz/works/newBukuduit/bukuduit-go/server/handlers/transaction_handler.go
> git cat-file -s 46aa167e3b36994168865c4a876e16565bea40cb
> git show :usecase/transaction_usecase.go
> git ls-files --stage -- /home/aziz/works/newBukuduit/bukuduit-go/usecase/transaction_usecase.go
> git cat-file -s aa596b189cf3f63529892fc9c31a09762a0d29c5
> git show :server/bootstrap/routes/transaction_route.go
> git ls-files --stage -- /home/aziz/works/newBukuduit/bukuduit-go/server/bootstrap/routes/transaction_route.go
> git cat-file -s 8a7892188b1341250e70fc273dd81a6c626db811
> git status -z -u
> git symbolic-ref --short HEAD
> git rev-parse dev
> git rev-parse --symbolic-full-name dev@{u}
> git rev-list --left-right dev...refs/remotes/origin/dev
> git for-each-ref --format %(refname) %(objectname) --sort -committerdate
> git remote --verbose
> git config --get commit.template
> git show :server/handlers/transaction_handler.go
> git ls-files --stage -- /home/aziz/works/newBukuduit/bukuduit-go/server/handlers/transaction_handler.go
> git cat-file -s 46aa167e3b36994168865c4a876e16565bea40cb
> git show :usecase/transaction_usecase.go
> git ls-files --stage -- /home/aziz/works/newBukuduit/bukuduit-go/usecase/transaction_usecase.go
> git cat-file -s aa596b189cf3f63529892fc9c31a09762a0d29c5
> git show :server/handlers/transaction_handler.go
> git ls-files --stage -- /home/aziz/works/newBukuduit/bukuduit-go/server/handlers/transaction_handler.go
> git cat-file -s 46aa167e3b36994168865c4a876e16565bea40cb
> git show :usecase/transaction_usecase.go
> git ls-files --stage -- /home/aziz/works/newBukuduit/bukuduit-go/usecase/transaction_usecase.go
> git cat-file -s aa596b189cf3f63529892fc9c31a09762a0d29c5
> git show :server/handlers/transaction_handler.go
> git ls-files --stage -- /home/aziz/works/newBukuduit/bukuduit-go/server/handlers/transaction_handler.go
> git cat-file -s 46aa167e3b36994168865c4a876e16565bea40cb
> git show :server/bootstrap/routes/transaction_route.go
> git ls-files --stage -- /home/aziz/works/newBukuduit/bukuduit-go/server/bootstrap/routes/transaction_route.go
> git cat-file -s 8a7892188b1341250e70fc273dd81a6c626db811
> git show :server/handlers/transaction_handler.go
> git ls-files --stage -- /home/aziz/works/newBukuduit/bukuduit-go/server/handlers/transaction_handler.go
> git cat-file -s 46aa167e3b36994168865c4a876e16565bea40cb
> git show :usecase/transaction_usecase.go
> git ls-files --stage -- /home/aziz/works/newBukuduit/bukuduit-go/usecase/transaction_usecase.go
> git cat-file -s aa596b189cf3f63529892fc9c31a09762a0d29c5
> git check-ignore -v -z --stdin
> git show :db/models/Transactions.go
> git ls-files --stage -- /home/aziz/works/newBukuduit/bukuduit-go/db/models/Transactions.go
> git cat-file -s 9c151f42aafba948b2d9214b1845fa0f74e57ca5
> git show :usecase/transaction_usecase.go
> git ls-files --stage -- /home/aziz/works/newBukuduit/bukuduit-go/usecase/transaction_usecase.go
> git cat-file -s aa596b189cf3f63529892fc9c31a09762a0d29c5
> git show :server/bootstrap/routes/transaction_route.go
> git ls-files --stage -- /home/aziz/works/newBukuduit/bukuduit-go/server/bootstrap/routes/transaction_route.go
> git cat-file -s 8a7892188b1341250e70fc273dd81a6c626db811
> git show :server/handlers/transaction_handler.go
> git ls-files --stage -- /home/aziz/works/newBukuduit/bukuduit-go/server/handlers/transaction_handler.go
> git cat-file -s 46aa167e3b36994168865c4a876e16565bea40cb
> git show :usecase/transaction_usecase.go
> git ls-files --stage -- /home/aziz/works/newBukuduit/bukuduit-go/usecase/transaction_usecase.go
> git cat-file -s aa596b189cf3f63529892fc9c31a09762a0d29c5
> git status -z -u
> git symbolic-ref --short HEAD
> git rev-parse dev
> git rev-parse --symbolic-full-name dev@{u}
> git rev-list --left-right dev...refs/remotes/origin/dev
> git for-each-ref --format %(refname) %(objectname) --sort -committerdate
> git remote --verbose
> git config --get commit.template
> git show :db/repositories/contracts/itransaction_repository.go
> git ls-files --stage -- /home/aziz/works/newBukuduit/bukuduit-go/db/repositories/contracts/itransaction_repository.go
> git cat-file -s 030a2313ac8550f640c6f7e6a95c4ca524a475ce
> git check-ignore -v -z --stdin
> git check-ignore -v -z --stdin
> git show :db/repositories/actions/transactions_repository.go
> git ls-files --stage -- /home/aziz/works/newBukuduit/bukuduit-go/db/repositories/actions/transactions_repository.go
> git cat-file -s ed00548ddb84b338ec4102a77d0ccac977a4c6b2
> git show :db/models/Transactions.go
> git ls-files --stage -- /home/aziz/works/newBukuduit/bukuduit-go/db/models/Transactions.go
> git cat-file -s 9c151f42aafba948b2d9214b1845fa0f74e57ca5
> git show :usecase/transaction_usecase.go
> git ls-files --stage -- /home/aziz/works/newBukuduit/bukuduit-go/usecase/transaction_usecase.go
> git cat-file -s aa596b189cf3f63529892fc9c31a09762a0d29c5
> git show :db/repositories/actions/transactions_repository.go
> git ls-files --stage -- /home/aziz/works/newBukuduit/bukuduit-go/db/repositories/actions/transactions_repository.go
> git cat-file -s ed00548ddb84b338ec4102a77d0ccac977a4c6b2
> git show :db/models/Transactions.go
> git ls-files --stage -- /home/aziz/works/newBukuduit/bukuduit-go/db/models/Transactions.go
> git cat-file -s 9c151f42aafba948b2d9214b1845fa0f74e57ca5
> git show :db/repositories/actions/transactions_repository.go
> git ls-files --stage -- /home/aziz/works/newBukuduit/bukuduit-go/db/repositories/actions/transactions_repository.go
> git cat-file -s ed00548ddb84b338ec4102a77d0ccac977a4c6b2
> git status -z -u
> git symbolic-ref --short HEAD
> git rev-parse dev
> git rev-parse --symbolic-full-name dev@{u}
> git rev-list --left-right dev...refs/remotes/origin/dev
> git for-each-ref --format %(refname) %(objectname) --sort -committerdate
> git remote --verbose
> git config --get commit.template
> git status -z -u
> git symbolic-ref --short HEAD
> git rev-parse dev
> git rev-parse --symbolic-full-name dev@{u}
> git rev-list --left-right dev...refs/remotes/origin/dev
> git for-each-ref --format %(refname) %(objectname) --sort -committerdate
> git remote --verbose
> git config --get commit.template
> git status -z -u
> git symbolic-ref --short HEAD
> git rev-parse dev
> git rev-parse --symbolic-full-name dev@{u}
> git rev-list --left-right dev...refs/remotes/origin/dev
> git for-each-ref --format %(refname) %(objectname) --sort -committerdate
> git remote --verbose
> git config --get commit.template
> git status -z -u
> git symbolic-ref --short HEAD
> git rev-parse dev
> git rev-parse --symbolic-full-name dev@{u}
> git rev-list --left-right dev...refs/remotes/origin/dev
> git for-each-ref --format %(refname) %(objectname) --sort -committerdate
> git remote --verbose
> git config --get commit.template
> git show :usecase/transaction_usecase.go
> git ls-files --stage -- /home/aziz/works/newBukuduit/bukuduit-go/usecase/transaction_usecase.go
> git cat-file -s aa596b189cf3f63529892fc9c31a09762a0d29c5
> git show :db/repositories/actions/transactions_repository.go
> git ls-files --stage -- /home/aziz/works/newBukuduit/bukuduit-go/db/repositories/actions/transactions_repository.go
> git cat-file -s ed00548ddb84b338ec4102a77d0ccac977a4c6b2
> git show :usecase/transaction_usecase.go
> git ls-files --stage -- /home/aziz/works/newBukuduit/bukuduit-go/usecase/transaction_usecase.go
> git cat-file -s aa596b189cf3f63529892fc9c31a09762a0d29c5
> git status -z -u
> git symbolic-ref --short HEAD
> git rev-parse dev
> git rev-parse --symbolic-full-name dev@{u}
> git rev-list --left-right dev...refs/remotes/origin/dev
> git for-each-ref --format %(refname) %(objectname) --sort -committerdate
> git remote --verbose
> git config --get commit.template
> git status -z -u
> git symbolic-ref --short HEAD
> git rev-parse dev
> git rev-parse --symbolic-full-name dev@{u}
> git rev-list --left-right dev...refs/remotes/origin/dev
> git for-each-ref --format %(refname) %(objectname) --sort -committerdate
> git remote --verbose
> git config --get commit.template
> git status -z -u
> git symbolic-ref --short HEAD
> git rev-parse dev
> git rev-parse --symbolic-full-name dev@{u}
> git rev-list --left-right dev...refs/remotes/origin/dev
> git for-each-ref --format %(refname) %(objectname) --sort -committerdate
> git remote --verbose
> git config --get commit.template
> git status -z -u
> git symbolic-ref --short HEAD
> git rev-parse dev
> git rev-parse --symbolic-full-name dev@{u}
> git rev-list --left-right dev...refs/remotes/origin/dev
> git for-each-ref --format %(refname) %(objectname) --sort -committerdate
> git remote --verbose
> git config --get commit.template
> git status -z -u
> git symbolic-ref --short HEAD
> git rev-parse dev
> git rev-parse --symbolic-full-name dev@{u}
> git rev-list --left-right dev...refs/remotes/origin/dev
> git for-each-ref --format %(refname) %(objectname) --sort -committerdate
> git remote --verbose
> git config --get commit.template
> git status -z -u
> git symbolic-ref --short HEAD
> git rev-parse dev
> git rev-parse --symbolic-full-name dev@{u}
> git rev-list --left-right dev...refs/remotes/origin/dev
> git for-each-ref --format %(refname) %(objectname) --sort -committerdate
> git remote --verbose
> git config --get commit.template
> git show :server/requests/books_debt_request.go
> git ls-files --stage -- /home/aziz/works/newBukuduit/bukuduit-go/server/requests/books_debt_request.go
> git cat-file -s 758ae573f2c5319f641041ebe63c635c6b367ceb
> git check-ignore -v -z --stdin
> git status -z -u
> git symbolic-ref --short HEAD
> git rev-parse dev
> git rev-parse --symbolic-full-name dev@{u}
> git rev-list --left-right dev...refs/remotes/origin/dev
> git for-each-ref --format %(refname) %(objectname) --sort -committerdate
> git remote --verbose
> git config --get commit.template
> git show :usecase/transaction_usecase.go
> git ls-files --stage -- /home/aziz/works/newBukuduit/bukuduit-go/usecase/transaction_usecase.go
> git cat-file -s aa596b189cf3f63529892fc9c31a09762a0d29c5
> git status -z -u
> git symbolic-ref --short HEAD
> git rev-parse dev
> git rev-parse --symbolic-full-name dev@{u}
> git rev-list --left-right dev...refs/remotes/origin/dev
> git for-each-ref --format %(refname) %(objectname) --sort -committerdate
> git remote --verbose
> git config --get commit.template
> git show :server/requests/books_debt_request.go
> git ls-files --stage -- /home/aziz/works/newBukuduit/bukuduit-go/server/requests/books_debt_request.go
> git cat-file -s 758ae573f2c5319f641041ebe63c635c6b367ceb
> git show :usecase/transaction_usecase.go
> git ls-files --stage -- /home/aziz/works/newBukuduit/bukuduit-go/usecase/transaction_usecase.go
> git cat-file -s aa596b189cf3f63529892fc9c31a09762a0d29c5
> git status -z -u
> git symbolic-ref --short HEAD
> git rev-parse dev
> git rev-parse --symbolic-full-name dev@{u}
> git rev-list --left-right dev...refs/remotes/origin/dev
> git for-each-ref --format %(refname) %(objectname) --sort -committerdate
> git remote --verbose
> git config --get commit.template
> git status -z -u
> git symbolic-ref --short HEAD
> git rev-parse dev
> git rev-parse --symbolic-full-name dev@{u}
> git rev-list --left-right dev...refs/remotes/origin/dev
> git for-each-ref --format %(refname) %(objectname) --sort -committerdate
> git remote --verbose
> git config --get commit.template
> git status -z -u
> git symbolic-ref --short HEAD
> git rev-parse dev
> git rev-parse --symbolic-full-name dev@{u}
> git rev-list --left-right dev...refs/remotes/origin/dev
> git for-each-ref --format %(refname) %(objectname) --sort -committerdate
> git remote --verbose
> git config --get commit.template
> git status -z -u
> git symbolic-ref --short HEAD
> git rev-parse dev
> git rev-parse --symbolic-full-name dev@{u}
> git rev-list --left-right dev...refs/remotes/origin/dev
> git for-each-ref --format %(refname) %(objectname) --sort -committerdate
> git remote --verbose
> git config --get commit.template
> git status -z -u
> git symbolic-ref --short HEAD
> git rev-parse dev
> git rev-parse --symbolic-full-name dev@{u}
> git rev-list --left-right dev...refs/remotes/origin/dev
> git for-each-ref --format %(refname) %(objectname) --sort -committerdate
> git remote --verbose
> git config --get commit.template
> git status -z -u
> git symbolic-ref --short HEAD
> git rev-parse dev
> git rev-parse --symbolic-full-name dev@{u}
> git rev-list --left-right dev...refs/remotes/origin/dev
> git for-each-ref --format %(refname) %(objectname) --sort -committerdate
> git remote --verbose
> git config --get commit.template
> git status -z -u
> git symbolic-ref --short HEAD
> git rev-parse dev
> git rev-parse --symbolic-full-name dev@{u}
> git rev-list --left-right dev...refs/remotes/origin/dev
> git for-each-ref --format %(refname) %(objectname) --sort -committerdate
> git remote --verbose
> git config --get commit.template
> git status -z -u
> git symbolic-ref --short HEAD
> git rev-parse dev
> git rev-parse --symbolic-full-name dev@{u}
> git rev-list --left-right dev...refs/remotes/origin/dev
> git for-each-ref --format %(refname) %(objectname) --sort -committerdate
> git remote --verbose
> git config --get commit.template
> git status -z -u
> git symbolic-ref --short HEAD
> git rev-parse dev
> git rev-parse --symbolic-full-name dev@{u}
> git rev-list --left-right dev...refs/remotes/origin/dev
> git for-each-ref --format %(refname) %(objectname) --sort -committerdate
> git remote --verbose
> git config --get commit.template
> git status -z -u
> git symbolic-ref --short HEAD
> git rev-parse dev
> git rev-parse --symbolic-full-name dev@{u}
> git rev-list --left-right dev...refs/remotes/origin/dev
> git for-each-ref --format %(refname) %(objectname) --sort -committerdate
> git remote --verbose
> git config --get commit.template
> git status -z -u
> git symbolic-ref --short HEAD
> git rev-parse dev
> git rev-parse --symbolic-full-name dev@{u}
> git rev-list --left-right dev...refs/remotes/origin/dev
> git for-each-ref --format %(refname) %(objectname) --sort -committerdate
> git remote --verbose
> git config --get commit.template
> git status -z -u
> git symbolic-ref --short HEAD
> git rev-parse dev
> git rev-parse --symbolic-full-name dev@{u}
> git rev-list --left-right dev...refs/remotes/origin/dev
> git for-each-ref --format %(refname) %(objectname) --sort -committerdate
> git remote --verbose
> git config --get commit.template
> git show :usecase/books_debt_usecase.go
> git ls-files --stage -- /home/aziz/works/newBukuduit/bukuduit-go/usecase/books_debt_usecase.go
> git cat-file -s 2ffebc2d4ac954b6b5d8d64a32d09a3aef965fa0
> git show :usecase/transaction_usecase.go
> git ls-files --stage -- /home/aziz/works/newBukuduit/bukuduit-go/usecase/transaction_usecase.go
> git cat-file -s aa596b189cf3f63529892fc9c31a09762a0d29c5
> git show :usecase/books_debt_usecase.go
> git ls-files --stage -- /home/aziz/works/newBukuduit/bukuduit-go/usecase/books_debt_usecase.go
> git cat-file -s 2ffebc2d4ac954b6b5d8d64a32d09a3aef965fa0
> git status -z -u
> git symbolic-ref --short HEAD
> git rev-parse dev
> git rev-parse --symbolic-full-name dev@{u}
> git rev-list --left-right dev...refs/remotes/origin/dev
> git for-each-ref --format %(refname) %(objectname) --sort -committerdate
> git remote --verbose
> git config --get commit.template
> git show :db/repositories/contracts/ibooks_Debt_repository.go
> git ls-files --stage -- /home/aziz/works/newBukuduit/bukuduit-go/db/repositories/contracts/ibooks_Debt_repository.go
> git cat-file -s 6ec596a425f459bf0aeb6fd80acc41a1f71734ef
> git show :db/repositories/actions/books_debt_repository.go
> git ls-files --stage -- /home/aziz/works/newBukuduit/bukuduit-go/db/repositories/actions/books_debt_repository.go
> git cat-file -s d0639145804ba86e3f57fb1823e430fba0fcb8f9
> git show :db/repositories/contracts/ibooks_Debt_repository.go
> git ls-files --stage -- /home/aziz/works/newBukuduit/bukuduit-go/db/repositories/contracts/ibooks_Debt_repository.go
> git cat-file -s 6ec596a425f459bf0aeb6fd80acc41a1f71734ef
> git show :db/repositories/actions/books_debt_repository.go
> git ls-files --stage -- /home/aziz/works/newBukuduit/bukuduit-go/db/repositories/actions/books_debt_repository.go
> git cat-file -s d0639145804ba86e3f57fb1823e430fba0fcb8f9
> git status -z -u
> git symbolic-ref --short HEAD
> git rev-parse dev
> git rev-parse --symbolic-full-name dev@{u}
> git rev-list --left-right dev...refs/remotes/origin/dev
> git for-each-ref --format %(refname) %(objectname) --sort -committerdate
> git remote --verbose
> git config --get commit.template
> git status -z -u
> git symbolic-ref --short HEAD
> git rev-parse dev
> git rev-parse --symbolic-full-name dev@{u}
> git rev-list --left-right dev...refs/remotes/origin/dev
> git for-each-ref --format %(refname) %(objectname) --sort -committerdate
> git remote --verbose
> git config --get commit.template
> git show :usecase/books_debt_usecase.go
> git ls-files --stage -- /home/aziz/works/newBukuduit/bukuduit-go/usecase/books_debt_usecase.go
> git cat-file -s 2ffebc2d4ac954b6b5d8d64a32d09a3aef965fa0
> git status -z -u
> git symbolic-ref --short HEAD
> git rev-parse dev
> git rev-parse --symbolic-full-name dev@{u}
> git rev-list --left-right dev...refs/remotes/origin/dev
> git for-each-ref --format %(refname) %(objectname) --sort -committerdate
> git remote --verbose
> git config --get commit.template
> git show :usecase/transaction_usecase.go
> git ls-files --stage -- /home/aziz/works/newBukuduit/bukuduit-go/usecase/transaction_usecase.go
> git cat-file -s aa596b189cf3f63529892fc9c31a09762a0d29c5
> git status -z -u
> git symbolic-ref --short HEAD
> git rev-parse dev
> git rev-parse --symbolic-full-name dev@{u}
> git rev-list --left-right dev...refs/remotes/origin/dev
> git for-each-ref --format %(refname) %(objectname) --sort -committerdate
> git remote --verbose
> git config --get commit.template
> git status -z -u
> git symbolic-ref --short HEAD
> git rev-parse dev
> git rev-parse --symbolic-full-name dev@{u}
> git rev-list --left-right dev...refs/remotes/origin/dev
> git for-each-ref --format %(refname) %(objectname) --sort -committerdate
> git remote --verbose
> git config --get commit.template
> git status -z -u
> git symbolic-ref --short HEAD
> git rev-parse dev
> git rev-parse --symbolic-full-name dev@{u}
> git rev-list --left-right dev...refs/remotes/origin/dev
> git for-each-ref --format %(refname) %(objectname) --sort -committerdate
> git remote --verbose
> git config --get commit.template
> git show :usecase/books_debt_usecase.go
> git ls-files --stage -- /home/aziz/works/newBukuduit/bukuduit-go/usecase/books_debt_usecase.go
> git cat-file -s 2ffebc2d4ac954b6b5d8d64a32d09a3aef965fa0
> git show :usecase/transaction_usecase.go
> git ls-files --stage -- /home/aziz/works/newBukuduit/bukuduit-go/usecase/transaction_usecase.go
> git cat-file -s aa596b189cf3f63529892fc9c31a09762a0d29c5
> git status -z -u
> git symbolic-ref --short HEAD
> git rev-parse dev
> git rev-parse --symbolic-full-name dev@{u}
> git rev-list --left-right dev...refs/remotes/origin/dev
> git for-each-ref --format %(refname) %(objectname) --sort -committerdate
> git remote --verbose
> git config --get commit.template
> git status -z -u
> git symbolic-ref --short HEAD
> git rev-parse dev
> git rev-parse --symbolic-full-name dev@{u}
> git rev-list --left-right dev...refs/remotes/origin/dev
> git for-each-ref --format %(refname) %(objectname) --sort -committerdate
> git remote --verbose
> git config --get commit.template
> git status -z -u
> git ls-files --stage -- /home/aziz/works/newBukuduit/bukuduit-go/usecase/transaction_usecase.go
> git cat-file -s aa596b189cf3f63529892fc9c31a09762a0d29c5
> git symbolic-ref --short HEAD
> git rev-parse hotfixDeleteUtang
> git rev-parse --symbolic-full-name hotfixDeleteUtang@{u}
> git show :usecase/transaction_usecase.go
fatal: no upstream configured for branch 'hotfixDeleteUtang'
> git for-each-ref --format %(refname) %(objectname) --sort -committerdate
> git remote --verbose
> git config --get commit.template
