2020/01/09 10:34:17 dialing "amqp://guest:guest@localhost:5672"
2020/01/09 10:34:17 got Connection, getting Channel
2020/01/09 10:34:17 got Channel, declaring Exchange ("otp.exchange")
2020/01/09 10:34:17 declared Exchange, declaring Queue "otp.incoming.queue"
2020/01/09 10:34:17 declaring dead letter Queue "otp.deadletter.queue"
2020/01/09 10:34:17 declared Queue ("otp.incoming.queue" 0 messages, 0 consumers), binding to Exchange (key "otp.deadletter.queue")
2020/01/09 10:34:17 Queue bound to Exchange, starting Consume (consumer tag "worker.name")
2020/01/09 10:34:17 Redis ping status: PONG <nil>
2020/01/09 11:55:06 dialing "amqp://guest:guest@localhost:5672"
2020/01/09 11:55:06 got Connection, getting Channel
2020/01/09 11:55:06 got Channel, declaring Exchange ("otp.exchange")
2020/01/09 11:55:06 declared Exchange, declaring Queue "otp.incoming.queue"
2020/01/09 11:55:06 declaring dead letter Queue "otp.deadletter.queue"
2020/01/09 11:55:06 declared Queue ("otp.incoming.queue" 0 messages, 0 consumers), binding to Exchange (key "otp.deadletter.queue")
2020/01/09 11:55:06 Queue bound to Exchange, starting Consume (consumer tag "worker.name")
2020/01/09 11:55:08 Redis ping status: PONG <nil>
2020/01/09 12:00:41 dialing "amqp://guest:guest@localhost:5672"
2020/01/09 12:00:41 got Connection, getting Channel
2020/01/09 12:00:41 got Channel, declaring Exchange ("otp.exchange")
2020/01/09 12:00:41 declared Exchange, declaring Queue "otp.incoming.queue"
2020/01/09 12:00:41 declaring dead letter Queue "otp.deadletter.queue"
2020/01/09 12:00:41 declared Queue ("otp.incoming.queue" 0 messages, 0 consumers), binding to Exchange (key "otp.deadletter.queue")
2020/01/09 12:00:41 Queue bound to Exchange, starting Consume (consumer tag "worker.name")
2020/01/09 12:00:42 Redis ping status: PONG <nil>
2020/01/09 12:01:27 {"otp":"7805","phone":"6282232189987","qid":"MSI/nOa0As50v4-000001"}
2020/01/09 12:01:28 Acknowledged message
2020/01/09 12:01:50 {"otp":"6533","phone":"6282232189987","qid":"MSI/nOa0As50v4-000002"}
2020/01/09 12:01:50 Acknowledged message
2020/01/10 10:37:22 dialing "amqp://guest:guest@localhost:5672"
2020/01/10 10:37:22 got Connection, getting Channel
2020/01/10 10:37:22 got Channel, declaring Exchange ("otp.exchange")
2020/01/10 10:37:22 declared Exchange, declaring Queue "otp.incoming.queue"
2020/01/10 10:37:22 declaring dead letter Queue "otp.deadletter.queue"
2020/01/10 10:37:22 declared Queue ("otp.incoming.queue" 0 messages, 0 consumers), binding to Exchange (key "otp.deadletter.queue")
2020/01/10 10:37:22 Queue bound to Exchange, starting Consume (consumer tag "worker.name")
2020/01/10 10:37:22 Redis ping status: PONG <nil>
