Looking for git in: git
Using git 2.25.1 from git
> git rev-parse --show-toplevel
> git rev-parse --git-dir
Open repository: /home/aziz/works/newBukuduit/bukuduit-go
> git status -z -u
> git check-ignore -v -z --stdin
> git symbolic-ref --short HEAD
> git rev-parse debtpayrepair
> git rev-parse --symbolic-full-name debtpayrepair@{u}
> git rev-list --left-right debtpayrepair...refs/remotes/origin/debtpayrepair
> git for-each-ref --format %(refname) %(objectname) --sort -committerdate
> git remote --verbose
> git config --get commit.template
> git check-ignore -v -z --stdin
> git show :usecase/transaction_usecase.go
> git ls-files --stage -- /home/aziz/works/newBukuduit/bukuduit-go/usecase/transaction_usecase.go
> git cat-file -s a81fd661ed65b9eb6bf42f4ef660755de2f28742
> git status -z -u
> git symbolic-ref --short HEAD
> git rev-parse debtpayrepair
> git rev-parse --symbolic-full-name debtpayrepair@{u}
> git rev-list --left-right debtpayrepair...refs/remotes/origin/debtpayrepair
> git for-each-ref --format %(refname) %(objectname) --sort -committerdate
> git remote --verbose
> git config --get commit.template
> git status -z -u
> git symbolic-ref --short HEAD
> git rev-parse debtpayrepair
> git rev-parse --symbolic-full-name debtpayrepair@{u}
> git rev-list --left-right debtpayrepair...refs/remotes/origin/debtpayrepair
> git for-each-ref --format %(refname) %(objectname) --sort -committerdate
> git remote --verbose
> git config --get commit.template
> git status -z -u
> git symbolic-ref --short HEAD
> git rev-parse debtpayrepair
> git rev-parse --symbolic-full-name debtpayrepair@{u}
> git rev-list --left-right debtpayrepair...refs/remotes/origin/debtpayrepair
> git for-each-ref --format %(refname) %(objectname) --sort -committerdate
> git remote --verbose
> git config --get commit.template
